C:\Program Files (x86)\Microsoft Visual Studio\2019\Community\MSBuild\Microsoft\VC\v160\Microsoft.CppBuild.targets(438,5): warning MSB8004: Output Directory does not end with a trailing slash.  This build instance will add the slash as it is required to allow proper evaluation of the Output Directory.
  Application.cpp
  EngineUI.cpp
  Light.cpp
  Main.cpp
  ModuleAudio.cpp
  ModuleCamera3D.cpp
  ModuleInput.cpp
  ModuleRenderer3D.cpp
  ModuleSceneIntro.cpp
  ModuleWindow.cpp
  Primitive.cpp
F:\Bacchus_Engine\Bacchus_Engine\Primitive.cpp(196,11): warning C4244: 'initializing': conversion from 'double' to 'float', possible loss of data
F:\Bacchus_Engine\Bacchus_Engine\Primitive.cpp(197,52): warning C4244: 'argument': conversion from 'double' to 'GLfloat', possible loss of data
F:\Bacchus_Engine\Bacchus_Engine\Primitive.cpp(197,35): warning C4244: 'argument': conversion from 'double' to 'GLfloat', possible loss of data
F:\Bacchus_Engine\Bacchus_Engine\Primitive.cpp(206,11): warning C4244: 'initializing': conversion from 'double' to 'float', possible loss of data
F:\Bacchus_Engine\Bacchus_Engine\Primitive.cpp(207,53): warning C4244: 'argument': conversion from 'double' to 'GLfloat', possible loss of data
F:\Bacchus_Engine\Bacchus_Engine\Primitive.cpp(207,36): warning C4244: 'argument': conversion from 'double' to 'GLfloat', possible loss of data
F:\Bacchus_Engine\Bacchus_Engine\Primitive.cpp(215,11): warning C4244: 'initializing': conversion from 'double' to 'float', possible loss of data
F:\Bacchus_Engine\Bacchus_Engine\Primitive.cpp(217,52): warning C4244: 'argument': conversion from 'double' to 'GLfloat', possible loss of data
F:\Bacchus_Engine\Bacchus_Engine\Primitive.cpp(217,35): warning C4244: 'argument': conversion from 'double' to 'GLfloat', possible loss of data
F:\Bacchus_Engine\Bacchus_Engine\Primitive.cpp(218,52): warning C4244: 'argument': conversion from 'double' to 'GLfloat', possible loss of data
  Timer.cpp
  log.cpp
  Generating Code...
F:\Bacchus_Engine\Bacchus_Engine\Primitive.cpp(218,35): warning C4244: 'argument': conversion from 'double' to 'GLfloat', possible loss of data
  Bacchus_Engine.vcxproj -> F:\Bacchus_Engine\Bacchus_Engine\.\Game\Bacchus_Engine.exe
