f:\bacchus_engine\bacchus_engine\debug\vc142.pdb
f:\bacchus_engine\bacchus_engine\debug\vc142.idb
f:\bacchus_engine\bacchus_engine\debug\primitive.obj
f:\bacchus_engine\bacchus_engine\debug\perftimer.obj
f:\bacchus_engine\bacchus_engine\debug\modulewindow.obj
f:\bacchus_engine\bacchus_engine\debug\modulesceneintro.obj
f:\bacchus_engine\bacchus_engine\debug\modulerenderer3d.obj
f:\bacchus_engine\bacchus_engine\debug\moduleinput.obj
f:\bacchus_engine\bacchus_engine\debug\modulecamera3d.obj
f:\bacchus_engine\bacchus_engine\debug\main.obj
f:\bacchus_engine\bacchus_engine\debug\log.obj
f:\bacchus_engine\bacchus_engine\debug\light.obj
f:\bacchus_engine\bacchus_engine\debug\imgui_widgets.obj
f:\bacchus_engine\bacchus_engine\debug\imgui_draw.obj
f:\bacchus_engine\bacchus_engine\debug\imgui_demo.obj
f:\bacchus_engine\bacchus_engine\debug\imgui.obj
f:\bacchus_engine\bacchus_engine\debug\imgui_impl_sdl.obj
f:\bacchus_engine\bacchus_engine\debug\imgui_impl_opengl3.obj
f:\bacchus_engine\bacchus_engine\debug\glmath.obj
f:\bacchus_engine\bacchus_engine\debug\bacchusinterface.obj
f:\bacchus_engine\bacchus_engine\debug\color.obj
f:\bacchus_engine\bacchus_engine\debug\application.obj
f:\bacchus_engine\bacchus_engine\debug\timer.obj
f:\bacchus_engine\bacchus_engine\debug\engineui.obj
f:\bacchus_engine\bacchus_engine\debug\moduleaudio.obj
f:\bacchus_engine\bacchus_engine\debug\pugixml.obj
f:\bacchus_engine\bacchus_engine\debug\bacchus_engine.tlog\cl.command.1.tlog
f:\bacchus_engine\bacchus_engine\debug\bacchus_engine.tlog\cl.read.1.tlog
f:\bacchus_engine\bacchus_engine\debug\bacchus_engine.tlog\cl.write.1.tlog
f:\bacchus_engine\bacchus_engine\debug\bacchus_engine.tlog\link-cvtres.read.1.tlog
f:\bacchus_engine\bacchus_engine\debug\bacchus_engine.tlog\link-cvtres.write.1.tlog
f:\bacchus_engine\bacchus_engine\debug\bacchus_engine.tlog\link-rc.read.1.tlog
f:\bacchus_engine\bacchus_engine\debug\bacchus_engine.tlog\link-rc.write.1.tlog
f:\bacchus_engine\bacchus_engine\debug\bacchus_engine.tlog\link.2996-cvtres.read.1.tlog
f:\bacchus_engine\bacchus_engine\debug\bacchus_engine.tlog\link.2996-cvtres.write.1.tlog
f:\bacchus_engine\bacchus_engine\debug\bacchus_engine.tlog\link.2996-rc.read.1.tlog
f:\bacchus_engine\bacchus_engine\debug\bacchus_engine.tlog\link.2996-rc.write.1.tlog
f:\bacchus_engine\bacchus_engine\debug\bacchus_engine.tlog\link.2996.read.1.tlog
f:\bacchus_engine\bacchus_engine\debug\bacchus_engine.tlog\link.2996.write.1.tlog
f:\bacchus_engine\bacchus_engine\debug\bacchus_engine.tlog\link.command.1.tlog
f:\bacchus_engine\bacchus_engine\debug\bacchus_engine.tlog\link.read.1.tlog
f:\bacchus_engine\bacchus_engine\debug\bacchus_engine.tlog\link.write.1.tlog
